INFO 2022-12-22 23:30:04,502 autoreload 677 Watching for file changes with StatReloader
INFO 2022-12-22 23:33:51,604 autoreload 266 D:\project\python\美多商城\web_app\meiduo_mall\meiduo_mall\urls.py changed, reloading.
INFO 2022-12-22 23:33:52,285 autoreload 677 Watching for file changes with StatReloader
INFO 2022-12-22 23:34:18,575 basehttp 187 "GET /log HTTP/1.1" 301 0
INFO 2022-12-22 23:34:18,585 basehttp 187 "GET /log/ HTTP/1.1" 200 3
WARNING 2022-12-22 23:34:18,691 log 241 Not Found: /favicon.ico
WARNING 2022-12-22 23:34:18,691 basehttp 187 "GET /favicon.ico HTTP/1.1" 404 2219
INFO 2022-12-22 23:38:35,231 autoreload 266 D:\project\python\美多商城\web_app\meiduo_mall\meiduo_mall\urls.py changed, reloading.
INFO 2022-12-22 23:38:36,263 autoreload 677 Watching for file changes with StatReloader
INFO 2022-12-22 23:39:01,944 urls 24 用户登陆了
WARNING 2022-12-22 23:39:01,945 urls 25 redis缓存不足
ERROR 2022-12-22 23:39:01,945 urls 26 该记录不存在
ERROR 2022-12-22 23:39:01,997 log 241 Internal Server Error: /log/
Traceback (most recent call last):
  File "C:\Users\alice\AppData\Local\Programs\Python\Python38\lib\site-packages\django\core\handlers\exception.py", line 55, in inner
    response = get_response(request)
  File "C:\Users\alice\AppData\Local\Programs\Python\Python38\lib\site-packages\django\core\handlers\base.py", line 204, in _get_response
    self.check_response(response, callback)
  File "C:\Users\alice\AppData\Local\Programs\Python\Python38\lib\site-packages\django\core\handlers\base.py", line 332, in check_response
    raise ValueError(
ValueError: The view meiduo_mall.urls.log didn't return an HttpResponse object. It returned None instead.
ERROR 2022-12-22 23:39:01,998 basehttp 187 "GET /log/ HTTP/1.1" 500 79984
INFO 2022-12-22 23:47:55,793 autoreload 266 D:\project\python\美多商城\web_app\meiduo_mall\meiduo_mall\settings.py changed, reloading.
INFO 2022-12-22 23:47:56,439 autoreload 677 Watching for file changes with StatReloader
INFO 2022-12-22 23:48:17,949 autoreload 677 Watching for file changes with StatReloader
INFO 2022-12-22 23:52:37,255 autoreload 677 Watching for file changes with StatReloader
INFO 2022-12-22 23:53:43,215 autoreload 266 D:\project\python\美多商城\web_app\meiduo_mall\meiduo_mall\settings.py changed, reloading.
INFO 2022-12-22 23:53:43,971 autoreload 677 Watching for file changes with StatReloader
INFO 2022-12-22 23:55:43,261 autoreload 266 D:\project\python\美多商城\web_app\meiduo_mall\meiduo_mall\settings.py changed, reloading.
INFO 2022-12-22 23:55:43,857 autoreload 677 Watching for file changes with StatReloader
INFO 2022-12-22 23:56:23,778 autoreload 677 Watching for file changes with StatReloader
INFO 2022-12-22 23:58:09,649 autoreload 266 D:\project\python\美多商城\web_app\meiduo_mall\apps\users\apps.py changed, reloading.
INFO 2022-12-22 23:58:10,291 autoreload 677 Watching for file changes with StatReloader
INFO 2022-12-23 00:00:29,698 autoreload 266 D:\project\python\美多商城\web_app\meiduo_mall\apps\users\apps.py changed, reloading.
INFO 2022-12-23 00:00:30,377 autoreload 677 Watching for file changes with StatReloader
INFO 2022-12-23 00:00:50,145 autoreload 266 D:\project\python\美多商城\web_app\meiduo_mall\apps\users\apps.py changed, reloading.
INFO 2022-12-23 00:00:50,819 autoreload 677 Watching for file changes with StatReloader
INFO 2022-12-23 00:01:02,247 autoreload 266 D:\project\python\美多商城\web_app\meiduo_mall\meiduo_mall\settings.py changed, reloading.
INFO 2022-12-23 00:01:02,795 autoreload 677 Watching for file changes with StatReloader
INFO 2022-12-23 00:01:14,424 autoreload 677 Watching for file changes with StatReloader
INFO 2022-12-23 00:01:26,913 autoreload 266 D:\project\python\美多商城\web_app\meiduo_mall\apps\users\apps.py changed, reloading.
INFO 2022-12-23 00:01:27,707 autoreload 677 Watching for file changes with StatReloader
INFO 2022-12-23 00:42:18,448 autoreload 266 D:\project\python\美多商城\web_app\meiduo_mall\apps\users\models.py changed, reloading.
INFO 2022-12-23 00:42:19,481 autoreload 677 Watching for file changes with StatReloader
INFO 2022-12-23 14:29:49,513 autoreload 677 Watching for file changes with StatReloader
INFO 2022-12-23 14:30:38,912 autoreload 677 Watching for file changes with StatReloader
